1619319984703	geckodriver	INFO	Listening on 127.0.0.1:49767
1619319987718	mozrunner::runner	INFO	Running command: "C:\\Program Files\\Mozilla Firefox\\firefox.exe" "--marionette" "-foreground" "-no-remote" "-profile" "C:\\Users\\Asus\\AppData\\Local\\Temp\\rust_mozprofile51X0Tl"
console.warn: SearchSettings: "get: No settings file exists, new profile?" (new Error("", "(unknown module)"))
console.error: Region.jsm: "Error fetching region" (new TypeError("NetworkError when attempting to fetch resource.", ""))
console.error: Region.jsm: "Failed to fetch region" (new Error("NO_RESULT", "resource://gre/modules/Region.jsm", 419))
1619319991661	Marionette	INFO	Listening on port 49775
1619319992161	Marionette	WARN	TLS certificate errors will be ignored for this session
1619319995375	Marionette	INFO	Stopped listening on port 49775

###!!! [Child][RunMessage] Error: Channel closing: too late to send/recv, messages will be lost

1619323665078	geckodriver	INFO	Listening on 127.0.0.1:49790
1619323668140	mozrunner::runner	INFO	Running command: "C:\\Program Files\\Mozilla Firefox\\firefox.exe" "--marionette" "-foreground" "-no-remote" "-profile" "C:\\Users\\Asus\\AppData\\Local\\Temp\\rust_mozprofileJu2xqG"
console.warn: SearchSettings: "get: No settings file exists, new profile?" (new Error("", "(unknown module)"))
console.error: Region.jsm: "Error fetching region" (new TypeError("NetworkError when attempting to fetch resource.", ""))
console.error: Region.jsm: "Failed to fetch region" (new Error("NO_RESULT", "resource://gre/modules/Region.jsm", 419))
1619323672414	Marionette	INFO	Listening on port 49798
1619323672590	Marionette	WARN	TLS certificate errors will be ignored for this session
1619323757557	Marionette	INFO	Stopped listening on port 49798

###!!! [Child][RunMessage] Error: Channel closing: too late to send/recv, messages will be lost

1619323764233	geckodriver	INFO	Listening on 127.0.0.1:50118
1619323767279	mozrunner::runner	INFO	Running command: "C:\\Program Files\\Mozilla Firefox\\firefox.exe" "--marionette" "-foreground" "-no-remote" "-profile" "C:\\Users\\Asus\\AppData\\Local\\Temp\\rust_mozprofileebEvNb"
console.warn: SearchSettings: "get: No settings file exists, new profile?" (new Error("", "(unknown module)"))
1619323771608	Marionette	INFO	Listening on port 50126
1619323771720	Marionette	WARN	TLS certificate errors will be ignored for this session
SourceActor threw an exception: [Exception... "Component returned failure code: 0x80470002 (NS_BASE_STREAM_CLOSED) [nsIInputStream.available]"  nsresult: "0x80470002 (NS_BASE_STREAM_CLOSED)"  location: "JS frame :: resource://devtools/shared/DevToolsUtils.js :: onResponse :: line 567"  data: no]
Stack: onResponse@resource://devtools/shared/DevToolsUtils.js:567:34
onStopRequest@resource://gre/modules/NetUtil.jsm:128:18
Line: 567, column: 0
console.error: ({})
JavaScript error: resource://devtools/shared/DevToolsUtils.js, line 567: NS_BASE_STREAM_CLOSED: Component returned failure code: 0x80470002 (NS_BASE_STREAM_CLOSED) [nsIInputStream.available]
1619323849102	Marionette	INFO	Stopped listening on port 50126

###!!! [Child][RunMessage] Error: Channel closing: too late to send/recv, messages will be lost

1619324249527	geckodriver	INFO	Listening on 127.0.0.1:50258
1619324252549	mozrunner::runner	INFO	Running command: "C:\\Program Files\\Mozilla Firefox\\firefox.exe" "--marionette" "-foreground" "-no-remote" "-profile" "C:\\Users\\Asus\\AppData\\Local\\Temp\\rust_mozprofile5TxhnW"
console.warn: SearchSettings: "get: No settings file exists, new profile?" (new Error("", "(unknown module)"))
1619324257643	Marionette	INFO	Listening on port 50267
1619324258090	Marionette	WARN	TLS certificate errors will be ignored for this session

###!!! [Child][RunMessage] Error: Channel closing: too late to send/recv, messages will be lost

1619324292153	Marionette	INFO	Stopped listening on port 50267

###!!! [Child][RunMessage] Error: Channel closing: too late to send/recv, messages will be lost

1619324528217	geckodriver	INFO	Listening on 127.0.0.1:50389
1619324531219	mozrunner::runner	INFO	Running command: "C:\\Program Files\\Mozilla Firefox\\firefox.exe" "--marionette" "-foreground" "-no-remote" "-profile" "C:\\Users\\Asus\\AppData\\Local\\Temp\\rust_mozprofilec1gdKx"
console.warn: SearchSettings: "get: No settings file exists, new profile?" (new Error("", "(unknown module)"))
1619324535526	Marionette	INFO	Listening on port 50397
1619324535634	Marionette	WARN	TLS certificate errors will be ignored for this session
1619324753655	Marionette	INFO	Stopped listening on port 50397

###!!! [Child][RunMessage] Error: Channel closing: too late to send/recv, messages will be lost

"--marionette" "-foreground" "-no-remote" "-profile" "C:\\Users\\Asus\\AppData\\Local\\Temp\\rust_mozprofile2Uynch"
console.warn: SearchSettings: "get: No settings file exists, new profile?" (new Error("", "(unknown module)"))
1619324589185	Marionette	INFO	Listening on port 50457
1619324589373	Marionette	WARN	TLS certificate errors will be ignored for this session
1619324626313	Marionette	INFO	Stopped listening on port 50457

###!!! [Child][RunMessage] Error: Channel closing: too late to send/recv, messages will be lost

1619324651801	geckodriver	INFO	Listening on 127.0.0.1:50514
1619324654819	mozrunner::runner	INFO	Running command: "C:\\Program Files\\Mozilla Firefox\\firefox.exe" "--marionette" "-foreground" "-no-remote" "-profile" "C:\\Users\\Asus\\AppData\\Local\\Temp\\rust_mozprofileuf6Y6D"
console.warn: SearchSettings: "get: No settings file exists, new profile?" (new Error("", "(unknown module)"))
1619324659179	Marionette	INFO	Listening on port 50522
1619324659239	Marionette	WARN	TLS certificate errors will be ignored for this session
1619324752375	Marionette	INFO	Stopped listening on port 50522

###!!! [Child][RunMessage] Error: Channel closing: too late to send/recv, messages will be lost

"--marionette" "-foreground" "-no-remote" "-profile" "C:\\Users\\Asus\\AppData\\Local\\Temp\\rust_mozprofileXD7rKA"
console.warn: SearchSettings: "get: No settings file exists, new profile?" (new Error("", "(unknown module)"))
1619324748539	Marionette	INFO	Listening on port 50583
1619324748628	Marionette	WARN	TLS certificate errors will be ignored for this session

###!!! [Child][RunMessage] Error: Channel closing: too late to send/recv, messages will be lost

1619324774830	Marionette	INFO	Stopped listening on port 50583

###!!! [Child][RunMessage] Error: Channel closing: too late to send/recv, messages will be lost

1619324784198	geckodriver	INFO	Listening on 127.0.0.1:50638
1619324787231	mozrunner::runner	INFO	Running command: "C:\\Program Files\\Mozilla Firefox\\firefox.exe" "--marionette" "-foreground" "-no-remote" "-profile" "C:\\Users\\Asus\\AppData\\Local\\Temp\\rust_mozprofileMFHbmF"
console.warn: SearchSettings: "get: No settings file exists, new profile?" (new Error("", "(unknown module)"))
1619324791296	Marionette	INFO	Listening on port 50646
1619324791640	Marionette	WARN	TLS certificate errors will be ignored for this session

###!!! [Child][RunMessage] Error: Channel closing: too late to send/recv, messages will be lost

1619324813086	Marionette	INFO	Stopped listening on port 50646

###!!! [Child][RunMessage] Error: Channel closing: too late to send/recv, messages will be lost

1619324819934	geckodriver	INFO	Listening on 127.0.0.1:50701
1619324822966	mozrunner::runner	INFO	Running command: "C:\\Program Files\\Mozilla Firefox\\firefox.exe" "--marionette" "-foreground" "-no-remote" "-profile" "C:\\Users\\Asus\\AppData\\Local\\Temp\\rust_mozprofilelo0eMI"
console.warn: SearchSettings: "get: No settings file exists, new profile?" (new Error("", "(unknown module)"))
1619324827080	Marionette	INFO	Listening on port 50709
1619324827342	Marionette	WARN	TLS certificate errors will be ignored for this session
1619396283940	Marionette	INFO	Stopped listening on port 50709

###!!! [Child][RunMessage] Error: Channel closing: too late to send/recv, messages will be lost

1621454347627	geckodriver	INFO	Listening on 127.0.0.1:56778
1621454350658	mozrunner::runner	INFO	Running command: "C:\\Program Files\\Mozilla Firefox\\firefox.exe" "--marionette" "-foreground" "-no-remote" "-profile" "C:\\Users\\Asus\\AppData\\Local\\Temp\\rust_mozprofileo1k6jC"
1621454372986	geckodriver	INFO	Listening on 127.0.0.1:56797
1621454376017	mozrunner::runner	INFO	Running command: "C:\\Program Files\\Mozilla Firefox\\firefox.exe" "--marionette" "-foreground" "-no-remote" "-profile" "C:\\Users\\Asus\\AppData\\Local\\Temp\\rust_mozprofileS2Qvss"
1621454376631	Marionette	INFO	Marionette enabled
console.warn: SearchSettings: "get: No settings file exists, new profile?" (new Error("", "(unknown module)"))
console.error: Region.jsm: "Error fetching region" (new TypeError("NetworkError when attempting to fetch resource.", ""))
console.error: Region.jsm: "Failed to fetch region" (new Error("NO_RESULT", "resource://gre/modules/Region.jsm", 419))
1621454380462	Marionette	INFO	Listening on port 56805
1621454380530	Marionette	WARN	TLS certificate errors will be ignored for this session
1621454414488	Marionette	INFO	Stopped listening on port 56805
1454388874	mozrunner::runner	INFO	Running command: "C:\\Program Files\\Mozilla Firefox\\firefox.exe" "--marionette" "-foreground" "-no-remote" "-profile" "C:\\Users\\Asus\\AppData\\Local\\Temp\\rust_mozprofilew7afS6"
1621454389855	Marionette	INFO	Marionette enabled
console.warn: SearchSettings: "get: No settings file exists, new profile?" (new Error("", "(unknown module)"))
console.error: Region.jsm: "Error fetching region" (new TypeError("NetworkError when attempting to fetch resource.", ""))
console.error: Region.jsm: "Failed to fetch region" (new Error("NO_RESULT", "resource://gre/modules/Region.jsm", 419))
1621454394311	Marionette	INFO	Listening on port 56827
1621454394359	Marionette	WARN	TLS certificate errors will be ignored for this session
1621454413720	Marionette	INFO	Stopped listening on port 56827
1621454592629	geckodriver	INFO	Listening on 127.0.0.1:56876
1621454595665	mozrunner::runner	INFO	Running command: "C:\\Program Files\\Mozilla Firefox\\firefox.exe" "--marionette" "-foreground" "-no-remote" "-profile" "C:\\Users\\Asus\\AppData\\Local\\Temp\\rust_mozprofile5EPgsJ"
1621454596334	Marionette	INFO	Marionette enabled
console.warn: SearchSettings: "get: No settings file exists, new profile?" (new Error("", "(unknown module)"))
1621454600038	Marionette	INFO	Listening on port 56884
1621454600143	Marionette	WARN	TLS certificate errors will be ignored for this session
1621455064925	Marionette	INFO	Stopped listening on port 56884

###!!! [Child][RunMessage] Error: Channel closing: too late to send/recv, messages will be lost

"--marionette" "-foreground" "-no-remote" "-profile" "C:\\Users\\Asus\\AppData\\Local\\Temp\\rust_mozprofilemwLCYf"
1621454632547	Marionette	INFO	Marionette enabled
console.warn: SearchSettings: "get: No settings file exists, new profile?" (new Error("", "(unknown module)"))
1621454636249	Marionette	INFO	Listening on port 56946
1621454636312	Marionette	WARN	TLS certificate errors will be ignored for this session
1621455057815	Marionette	INFO	Stopped listening on port 56946

###!!! [Child][RunMessage] Error: Channel closing: too late to send/recv, messages will be lost

"--marionette" "-foreground" "-no-remote" "-profile" "C:\\Users\\Asus\\AppData\\Local\\Temp\\rust_mozprofileER07Qy"
1621454679522	Marionette	INFO	Marionette enabled
console.warn: SearchSettings: "get: No settings file exists, new profile?" (new Error("", "(unknown module)"))
1621454683302	Marionette	INFO	Listening on port 57047
1621454683380	Marionette	WARN	TLS certificate errors will be ignored for this session
1621454705173	Marionette	WARN	TimedPromise timed out after 500 ms: stacktrace:
TimedPromise/<@chrome://marionette/content/sync.js:237:19
TimedPromise@chrome://marionette/content/sync.js:222:10
interaction.flushEventLoop@chrome://marionette/content/interaction.js:431:10
webdriverClickElement@chrome://marionette/content/interaction.js:179:31

###!!! [Child][RunMessage] Error: Channel closing: too late to send/recv, messages will be lost

1621454873921	Marionette	INFO	Stopped listening on port 57047

###!!! [Child][RunMessage] Error: Channel closing: too late to send/recv, messages will be lost

1621455079738	geckodriver	INFO	Listening on 127.0.0.1:57162
1621455082752	mozrunner::runner	INFO	Running command: "C:\\Program Files\\Mozilla Firefox\\firefox.exe" "--marionette" "-foreground" "-no-remote" "-profile" "C:\\Users\\Asus\\AppData\\Local\\Temp\\rust_mozprofile4bzdIy"
1621455083428	Marionette	INFO	Marionette enabled
console.warn: SearchSettings: "get: No settings file exists, new profile?" (new Error("", "(unknown module)"))
1621455087280	Marionette	INFO	Listening on port 57170
1621455087722	Marionette	WARN	TLS certificate errors will be ignored for this session
1621455116903	Marionette	INFO	Stopped listening on port 57170

###!!! [Child][RunMessage] Error: Channel closing: too late to send/recv, messages will be lost

1621455126784	geckodriver	INFO	Listening on 127.0.0.1:57223
1621455129810	mozrunner::runner	INFO	Running command: "C:\\Program Files\\Mozilla Firefox\\firefox.exe" "--marionette" "-foreground" "-no-remote" "-profile" "C:\\Users\\Asus\\AppData\\Local\\Temp\\rust_mozprofileXynbJq"
1621455130426	Marionette	INFO	Marionette enabled
console.warn: SearchSettings: "get: No settings file exists, new profile?" (new Error("", "(unknown module)"))
1621455134200	Marionette	INFO	Listening on port 57231
1621455134316	Marionette	WARN	TLS certificate errors will be ignored for this session
JavaScript error: , line 0: NS_ERROR_NOT_AVAILABLE

###!!! [Child][RunMessage] Error: Channel closing: too late to send/recv, messages will be lost

1621456127572	Marionette	INFO	Stopped listening on port 57231

###!!! [Child][RunMessage] Error: Channel closing: too late to send/recv, messages will be lost

tte enabled
console.warn: SearchSettings: "get: No settings file exists, new profile?" (new Error("", "(unknown module)"))
1621455336691	Marionette	INFO	Listening on port 57315
1621455336741	Marionette	WARN	TLS certificate errors will be ignored for this session
1621456129029	Marionette	INFO	Stopped listening on port 57315

###!!! [Child][RunMessage] Error: Channel closing: too late to send/recv, messages will be lost

"--marionette" "-foreground" "-no-remote" "-profile" "C:\\Users\\Asus\\AppData\\Local\\Temp\\rust_mozprofile3PNw0Y"
1621455486655	Marionette	INFO	Marionette enabled
console.warn: SearchSettings: "get: No settings file exists, new profile?" (new Error("", "(unknown module)"))
1621455490434	Marionette	INFO	Listening on port 57404
1621455490505	Marionette	WARN	TLS certificate errors will be ignored for this session
1621455529976	Marionette	INFO	Stopped listening on port 57404

###!!! [Child][RunMessage] Error: Channel closing: too late to send/recv, messages will be lost

1621455570321	geckodriver	INFO	Listening on 127.0.0.1:57484
1621455573332	mozrunner::runner	INFO	Running command: "C:\\Program Files\\Mozilla Firefox\\firefox.exe" "--marionette" "-foreground" "-no-remote" "-profile" "C:\\Users\\Asus\\AppData\\Local\\Temp\\rust_mozprofilesNuEpS"
1621455573929	Marionette	INFO	Marionette enabled
console.warn: SearchSettings: "get: No settings file exists, new profile?" (new Error("", "(unknown module)"))
1621455577839	Marionette	INFO	Listening on port 57492
1621455578316	Marionette	WARN	TLS certificate errors will be ignored for this session

###!!! [Child][RunMessage] Error: Channel closing: too late to send/recv, messages will be lost


###!!! [Child][RunMessage] Error: Channel closing: too late to send/recv, messages will be lost


###!!! [Child][RunMessage] Error: Channel closing: too late to send/recv, messages will be lost

1621455649677	Marionette	INFO	Stopped listening on port 57492

###!!! [Child][RunMessage] Error: Channel closing: too late to send/recv, messages will be lost

