1619319984703	geckodriver	INFO	Listening on 127.0.0.1:49767
1619319987718	mozrunner::runner	INFO	Running command: "C:\\Program Files\\Mozilla Firefox\\firefox.exe" "--marionette" "-foreground" "-no-remote" "-profile" "C:\\Users\\Asus\\AppData\\Local\\Temp\\rust_mozprofile51X0Tl"
console.warn: SearchSettings: "get: No settings file exists, new profile?" (new Error("", "(unknown module)"))
console.error: Region.jsm: "Error fetching region" (new TypeError("NetworkError when attempting to fetch resource.", ""))
console.error: Region.jsm: "Failed to fetch region" (new Error("NO_RESULT", "resource://gre/modules/Region.jsm", 419))
1619319991661	Marionette	INFO	Listening on port 49775
1619319992161	Marionette	WARN	TLS certificate errors will be ignored for this session
1619319995375	Marionette	INFO	Stopped listening on port 49775

###!!! [Child][RunMessage] Error: Channel closing: too late to send/recv, messages will be lost

1619323665078	geckodriver	INFO	Listening on 127.0.0.1:49790
1619323668140	mozrunner::runner	INFO	Running command: "C:\\Program Files\\Mozilla Firefox\\firefox.exe" "--marionette" "-foreground" "-no-remote" "-profile" "C:\\Users\\Asus\\AppData\\Local\\Temp\\rust_mozprofileJu2xqG"
console.warn: SearchSettings: "get: No settings file exists, new profile?" (new Error("", "(unknown module)"))
console.error: Region.jsm: "Error fetching region" (new TypeError("NetworkError when attempting to fetch resource.", ""))
console.error: Region.jsm: "Failed to fetch region" (new Error("NO_RESULT", "resource://gre/modules/Region.jsm", 419))
1619323672414	Marionette	INFO	Listening on port 49798
1619323672590	Marionette	WARN	TLS certificate errors will be ignored for this session
1619323757557	Marionette	INFO	Stopped listening on port 49798

###!!! [Child][RunMessage] Error: Channel closing: too late to send/recv, messages will be lost

1619323764233	geckodriver	INFO	Listening on 127.0.0.1:50118
1619323767279	mozrunner::runner	INFO	Running command: "C:\\Program Files\\Mozilla Firefox\\firefox.exe" "--marionette" "-foreground" "-no-remote" "-profile" "C:\\Users\\Asus\\AppData\\Local\\Temp\\rust_mozprofileebEvNb"
console.warn: SearchSettings: "get: No settings file exists, new profile?" (new Error("", "(unknown module)"))
1619323771608	Marionette	INFO	Listening on port 50126
1619323771720	Marionette	WARN	TLS certificate errors will be ignored for this session
SourceActor threw an exception: [Exception... "Component returned failure code: 0x80470002 (NS_BASE_STREAM_CLOSED) [nsIInputStream.available]"  nsresult: "0x80470002 (NS_BASE_STREAM_CLOSED)"  location: "JS frame :: resource://devtools/shared/DevToolsUtils.js :: onResponse :: line 567"  data: no]
Stack: onResponse@resource://devtools/shared/DevToolsUtils.js:567:34
onStopRequest@resource://gre/modules/NetUtil.jsm:128:18
Line: 567, column: 0
console.error: ({})
JavaScript error: resource://devtools/shared/DevToolsUtils.js, line 567: NS_BASE_STREAM_CLOSED: Component returned failure code: 0x80470002 (NS_BASE_STREAM_CLOSED) [nsIInputStream.available]
1619323849102	Marionette	INFO	Stopped listening on port 50126

###!!! [Child][RunMessage] Error: Channel closing: too late to send/recv, messages will be lost

1619324249527	geckodriver	INFO	Listening on 127.0.0.1:50258
1619324252549	mozrunner::runner	INFO	Running command: "C:\\Program Files\\Mozilla Firefox\\firefox.exe" "--marionette" "-foreground" "-no-remote" "-profile" "C:\\Users\\Asus\\AppData\\Local\\Temp\\rust_mozprofile5TxhnW"
console.warn: SearchSettings: "get: No settings file exists, new profile?" (new Error("", "(unknown module)"))
1619324257643	Marionette	INFO	Listening on port 50267
1619324258090	Marionette	WARN	TLS certificate errors will be ignored for this session

###!!! [Child][RunMessage] Error: Channel closing: too late to send/recv, messages will be lost

1619324292153	Marionette	INFO	Stopped listening on port 50267

###!!! [Child][RunMessage] Error: Channel closing: too late to send/recv, messages will be lost

1619324528217	geckodriver	INFO	Listening on 127.0.0.1:50389
1619324531219	mozrunner::runner	INFO	Running command: "C:\\Program Files\\Mozilla Firefox\\firefox.exe" "--marionette" "-foreground" "-no-remote" "-profile" "C:\\Users\\Asus\\AppData\\Local\\Temp\\rust_mozprofilec1gdKx"
console.warn: SearchSettings: "get: No settings file exists, new profile?" (new Error("", "(unknown module)"))
1619324535526	Marionette	INFO	Listening on port 50397
1619324535634	Marionette	WARN	TLS certificate errors will be ignored for this session
1619324753655	Marionette	INFO	Stopped listening on port 50397

###!!! [Child][RunMessage] Error: Channel closing: too late to send/recv, messages will be lost

"--marionette" "-foreground" "-no-remote" "-profile" "C:\\Users\\Asus\\AppData\\Local\\Temp\\rust_mozprofile2Uynch"
console.warn: SearchSettings: "get: No settings file exists, new profile?" (new Error("", "(unknown module)"))
1619324589185	Marionette	INFO	Listening on port 50457
1619324589373	Marionette	WARN	TLS certificate errors will be ignored for this session
1619324626313	Marionette	INFO	Stopped listening on port 50457

###!!! [Child][RunMessage] Error: Channel closing: too late to send/recv, messages will be lost

1619324651801	geckodriver	INFO	Listening on 127.0.0.1:50514
1619324654819	mozrunner::runner	INFO	Running command: "C:\\Program Files\\Mozilla Firefox\\firefox.exe" "--marionette" "-foreground" "-no-remote" "-profile" "C:\\Users\\Asus\\AppData\\Local\\Temp\\rust_mozprofileuf6Y6D"
console.warn: SearchSettings: "get: No settings file exists, new profile?" (new Error("", "(unknown module)"))
1619324659179	Marionette	INFO	Listening on port 50522
1619324659239	Marionette	WARN	TLS certificate errors will be ignored for this session
1619324752375	Marionette	INFO	Stopped listening on port 50522

###!!! [Child][RunMessage] Error: Channel closing: too late to send/recv, messages will be lost

"--marionette" "-foreground" "-no-remote" "-profile" "C:\\Users\\Asus\\AppData\\Local\\Temp\\rust_mozprofileXD7rKA"
console.warn: SearchSettings: "get: No settings file exists, new profile?" (new Error("", "(unknown module)"))
1619324748539	Marionette	INFO	Listening on port 50583
1619324748628	Marionette	WARN	TLS certificate errors will be ignored for this session

###!!! [Child][RunMessage] Error: Channel closing: too late to send/recv, messages will be lost

1619324774830	Marionette	INFO	Stopped listening on port 50583

###!!! [Child][RunMessage] Error: Channel closing: too late to send/recv, messages will be lost

1619324784198	geckodriver	INFO	Listening on 127.0.0.1:50638
1619324787231	mozrunner::runner	INFO	Running command: "C:\\Program Files\\Mozilla Firefox\\firefox.exe" "--marionette" "-foreground" "-no-remote" "-profile" "C:\\Users\\Asus\\AppData\\Local\\Temp\\rust_mozprofileMFHbmF"
console.warn: SearchSettings: "get: No settings file exists, new profile?" (new Error("", "(unknown module)"))
1619324791296	Marionette	INFO	Listening on port 50646
1619324791640	Marionette	WARN	TLS certificate errors will be ignored for this session

###!!! [Child][RunMessage] Error: Channel closing: too late to send/recv, messages will be lost

1619324813086	Marionette	INFO	Stopped listening on port 50646

###!!! [Child][RunMessage] Error: Channel closing: too late to send/recv, messages will be lost

1619324819934	geckodriver	INFO	Listening on 127.0.0.1:50701
1619324822966	mozrunner::runner	INFO	Running command: "C:\\Program Files\\Mozilla Firefox\\firefox.exe" "--marionette" "-foreground" "-no-remote" "-profile" "C:\\Users\\Asus\\AppData\\Local\\Temp\\rust_mozprofilelo0eMI"
console.warn: SearchSettings: "get: No settings file exists, new profile?" (new Error("", "(unknown module)"))
1619324827080	Marionette	INFO	Listening on port 50709
1619324827342	Marionette	WARN	TLS certificate errors will be ignored for this session
1619396283940	Marionette	INFO	Stopped listening on port 50709

###!!! [Child][RunMessage] Error: Channel closing: too late to send/recv, messages will be lost

1621454347627	geckodriver	INFO	Listening on 127.0.0.1:56778
1621454350658	mozrunner::runner	INFO	Running command: "C:\\Program Files\\Mozilla Firefox\\firefox.exe" "--marionette" "-foreground" "-no-remote" "-profile" "C:\\Users\\Asus\\AppData\\Local\\Temp\\rust_mozprofileo1k6jC"
1621454372986	geckodriver	INFO	Listening on 127.0.0.1:56797
1621454376017	mozrunner::runner	INFO	Running command: "C:\\Program Files\\Mozilla Firefox\\firefox.exe" "--marionette" "-foreground" "-no-remote" "-profile" "C:\\Users\\Asus\\AppData\\Local\\Temp\\rust_mozprofileS2Qvss"
1621454376631	Marionette	INFO	Marionette enabled
console.warn: SearchSettings: "get: No settings file exists, new profile?" (new Error("", "(unknown module)"))
console.error: Region.jsm: "Error fetching region" (new TypeError("NetworkError when attempting to fetch resource.", ""))
console.error: Region.jsm: "Failed to fetch region" (new Error("NO_RESULT", "resource://gre/modules/Region.jsm", 419))
1621454380462	Marionette	INFO	Listening on port 56805
1621454380530	Marionette	WARN	TLS certificate errors will be ignored for this session
1621454414488	Marionette	INFO	Stopped listening on port 56805
1454388874	mozrunner::runner	INFO	Running command: "C:\\Program Files\\Mozilla Firefox\\firefox.exe" "--marionette" "-foreground" "-no-remote" "-profile" "C:\\Users\\Asus\\AppData\\Local\\Temp\\rust_mozprofilew7afS6"
1621454389855	Marionette	INFO	Marionette enabled
console.warn: SearchSettings: "get: No settings file exists, new profile?" (new Error("", "(unknown module)"))
console.error: Region.jsm: "Error fetching region" (new TypeError("NetworkError when attempting to fetch resource.", ""))
console.error: Region.jsm: "Failed to fetch region" (new Error("NO_RESULT", "resource://gre/modules/Region.jsm", 419))
1621454394311	Marionette	INFO	Listening on port 56827
1621454394359	Marionette	WARN	TLS certificate errors will be ignored for this session
1621454413720	Marionette	INFO	Stopped listening on port 56827
1621454592629	geckodriver	INFO	Listening on 127.0.0.1:56876
1621454595665	mozrunner::runner	INFO	Running command: "C:\\Program Files\\Mozilla Firefox\\firefox.exe" "--marionette" "-foreground" "-no-remote" "-profile" "C:\\Users\\Asus\\AppData\\Local\\Temp\\rust_mozprofile5EPgsJ"
1621454596334	Marionette	INFO	Marionette enabled
console.warn: SearchSettings: "get: No settings file exists, new profile?" (new Error("", "(unknown module)"))
1621454600038	Marionette	INFO	Listening on port 56884
1621454600143	Marionette	WARN	TLS certificate errors will be ignored for this session
1621455064925	Marionette	INFO	Stopped listening on port 56884

###!!! [Child][RunMessage] Error: Channel closing: too late to send/recv, messages will be lost

"--marionette" "-foreground" "-no-remote" "-profile" "C:\\Users\\Asus\\AppData\\Local\\Temp\\rust_mozprofilemwLCYf"
1621454632547	Marionette	INFO	Marionette enabled
console.warn: SearchSettings: "get: No settings file exists, new profile?" (new Error("", "(unknown module)"))
1621454636249	Marionette	INFO	Listening on port 56946
1621454636312	Marionette	WARN	TLS certificate errors will be ignored for this session
1621455057815	Marionette	INFO	Stopped listening on port 56946

###!!! [Child][RunMessage] Error: Channel closing: too late to send/recv, messages will be lost

"--marionette" "-foreground" "-no-remote" "-profile" "C:\\Users\\Asus\\AppData\\Local\\Temp\\rust_mozprofileER07Qy"
1621454679522	Marionette	INFO	Marionette enabled
console.warn: SearchSettings: "get: No settings file exists, new profile?" (new Error("", "(unknown module)"))
1621454683302	Marionette	INFO	Listening on port 57047
1621454683380	Marionette	WARN	TLS certificate errors will be ignored for this session
1621454705173	Marionette	WARN	TimedPromise timed out after 500 ms: stacktrace:
TimedPromise/<@chrome://marionette/content/sync.js:237:19
TimedPromise@chrome://marionette/content/sync.js:222:10
interaction.flushEventLoop@chrome://marionette/content/interaction.js:431:10
webdriverClickElement@chrome://marionette/content/interaction.js:179:31

###!!! [Child][RunMessage] Error: Channel closing: too late to send/recv, messages will be lost

1621454873921	Marionette	INFO	Stopped listening on port 57047

###!!! [Child][RunMessage] Error: Channel closing: too late to send/recv, messages will be lost

1621455079738	geckodriver	INFO	Listening on 127.0.0.1:57162
1621455082752	mozrunner::runner	INFO	Running command: "C:\\Program Files\\Mozilla Firefox\\firefox.exe" "--marionette" "-foreground" "-no-remote" "-profile" "C:\\Users\\Asus\\AppData\\Local\\Temp\\rust_mozprofile4bzdIy"
1621455083428	Marionette	INFO	Marionette enabled
console.warn: SearchSettings: "get: No settings file exists, new profile?" (new Error("", "(unknown module)"))
1621455087280	Marionette	INFO	Listening on port 57170
1621455087722	Marionette	WARN	TLS certificate errors will be ignored for this session
1621455116903	Marionette	INFO	Stopped listening on port 57170

###!!! [Child][RunMessage] Error: Channel closing: too late to send/recv, messages will be lost

1621455126784	geckodriver	INFO	Listening on 127.0.0.1:57223
1621455129810	mozrunner::runner	INFO	Running command: "C:\\Program Files\\Mozilla Firefox\\firefox.exe" "--marionette" "-foreground" "-no-remote" "-profile" "C:\\Users\\Asus\\AppData\\Local\\Temp\\rust_mozprofileXynbJq"
1621455130426	Marionette	INFO	Marionette enabled
console.warn: SearchSettings: "get: No settings file exists, new profile?" (new Error("", "(unknown module)"))
1621455134200	Marionette	INFO	Listening on port 57231
1621455134316	Marionette	WARN	TLS certificate errors will be ignored for this session
JavaScript error: , line 0: NS_ERROR_NOT_AVAILABLE

###!!! [Child][RunMessage] Error: Channel closing: too late to send/recv, messages will be lost

1621456127572	Marionette	INFO	Stopped listening on port 57231

###!!! [Child][RunMessage] Error: Channel closing: too late to send/recv, messages will be lost

tte enabled
console.warn: SearchSettings: "get: No settings file exists, new profile?" (new Error("", "(unknown module)"))
1621455336691	Marionette	INFO	Listening on port 57315
1621455336741	Marionette	WARN	TLS certificate errors will be ignored for this session
1621456129029	Marionette	INFO	Stopped listening on port 57315

###!!! [Child][RunMessage] Error: Channel closing: too late to send/recv, messages will be lost

"--marionette" "-foreground" "-no-remote" "-profile" "C:\\Users\\Asus\\AppData\\Local\\Temp\\rust_mozprofile3PNw0Y"
1621455486655	Marionette	INFO	Marionette enabled
console.warn: SearchSettings: "get: No settings file exists, new profile?" (new Error("", "(unknown module)"))
1621455490434	Marionette	INFO	Listening on port 57404
1621455490505	Marionette	WARN	TLS certificate errors will be ignored for this session
1621455529976	Marionette	INFO	Stopped listening on port 57404

###!!! [Child][RunMessage] Error: Channel closing: too late to send/recv, messages will be lost

1621455570321	geckodriver	INFO	Listening on 127.0.0.1:57484
1621455573332	mozrunner::runner	INFO	Running command: "C:\\Program Files\\Mozilla Firefox\\firefox.exe" "--marionette" "-foreground" "-no-remote" "-profile" "C:\\Users\\Asus\\AppData\\Local\\Temp\\rust_mozprofilesNuEpS"
1621455573929	Marionette	INFO	Marionette enabled
console.warn: SearchSettings: "get: No settings file exists, new profile?" (new Error("", "(unknown module)"))
1621455577839	Marionette	INFO	Listening on port 57492
1621455578316	Marionette	WARN	TLS certificate errors will be ignored for this session

###!!! [Child][RunMessage] Error: Channel closing: too late to send/recv, messages will be lost


###!!! [Child][RunMessage] Error: Channel closing: too late to send/recv, messages will be lost


###!!! [Child][RunMessage] Error: Channel closing: too late to send/recv, messages will be lost

1621455649677	Marionette	INFO	Stopped listening on port 57492

###!!! [Child][RunMessage] Error: Channel closing: too late to send/recv, messages will be lost

1627340008436	geckodriver	INFO	Listening on 127.0.0.1:55294
1627340011514	mozrunner::runner	INFO	Running command: "C:\\Program Files\\Mozilla Firefox\\firefox.exe" "--marionette" "-foreground" "-no-remote" "-profile" "C:\\Users\\Asus\\AppData\\Local\\Temp\\rust_mozprofileZ0ckff"
1627340013543	Marionette	INFO	Marionette enabled
console.warn: SearchSettings: "get: No settings file exists, new profile?" (new Error("", "(unknown module)"))
1627340017231	Marionette	INFO	Listening on port 55302
1627340017704	Marionette	WARN	TLS certificate errors will be ignored for this session
1627340148156	Marionette	INFO	Stopped listening on port 55302

###!!! [Child][RunMessage] Error: Channel closing: too late to send/recv, messages will be lost

"--marionette" "-foreground" "-no-remote" "-profile" "C:\\Users\\Asus\\AppData\\Local\\Temp\\rust_mozprofilesT0dy2"
1627340048615	geckodriver	INFO	Listening on 127.0.0.1:55393
1627340066672	geckodriver	INFO	Listening on 127.0.0.1:55430
1627340069664	mozrunner::runner	INFO	Running command: "C:\\Program Files\\Mozilla Firefox\\firefox.exe" "--marionette" "-foreground" "-no-remote" "-profile" "C:\\Users\\Asus\\AppData\\Local\\Temp\\rust_mozprofilepBrMuW"
1627340070490	Marionette	INFO	Marionette enabled
console.warn: SearchSettings: "get: No settings file exists, new profile?" (new NotFoundError("Could not open the file at C:\\Users\\Asus\\AppData\\Local\\Temp\\rust_mozprofilepBrMuW\\search.json.mozlz4", (void 0)))
1627340077775	Marionette	INFO	Listening on port 55442
1627340077900	Marionette	WARN	TLS certificate errors will be ignored for this session
[Child 3448, MediaDecoderStateMachine #1] WARNING: 1cd6d0a5740 Could not set cubeb stream name.: file /builds/worker/checkouts/gecko/dom/media/AudioStream.cpp:367

###!!! [Parent][MessageChannel] Error: (msgtype=0x390079,name=PContent::Msg_DestroyBrowsingContextGroup) Closed channel: cannot send/recv


###!!! [Child][RunMessage] Error: Channel closing: too late to send/recv, messages will be lost


###!!! [Child][RunMessage] Error: Channel closing: too late to send/recv, messages will be lost


###!!! [Child][RunMessage] Error: Channel closing: too late to send/recv, messages will be lost


###!!! [Child][RunMessage] Error: Channel closing: too late to send/recv, messages will be lost


###!!! [Child][RunMessage] Error: Channel closing: too late to send/recv, messages will be lost

1627340161207	Marionette	INFO	Stopped listening on port 55442
1627340171742	geckodriver	INFO	Listening on 127.0.0.1:55697
1627340174757	mozrunner::runner	INFO	Running command: "C:\\Program Files\\Mozilla Firefox\\firefox.exe" "--marionette" "-foreground" "-no-remote" "-profile" "C:\\Users\\Asus\\AppData\\Local\\Temp\\rust_mozprofileMCYy6E"
1627340175391	Marionette	INFO	Marionette enabled
console.warn: SearchSettings: "get: No settings file exists, new profile?" (new NotFoundError("Could not open the file at C:\\Users\\Asus\\AppData\\Local\\Temp\\rust_mozprofileMCYy6E\\search.json.mozlz4", (void 0)))
1627340178784	Marionette	INFO	Listening on port 55705
1627340179147	Marionette	WARN	TLS certificate errors will be ignored for this session
JavaScript error: , line 0: uncaught exception: Object
JavaScript error: , line 0: uncaught exception: Object
JavaScript error: , line 0: TypeError: Error in body stream
JavaScript error: , line 0: TypeError: Error in body stream

###!!! [Child][RunMessage] Error: Channel closing: too late to send/recv, messages will be lost


###!!! [Parent][MessageChannel] Error: (msgtype=0x390079,name=PContent::Msg_DestroyBrowsingContextGroup) Closed channel: cannot send/recv


###!!! [Child][RunMessage] Error: Channel closing: too late to send/recv, messages will be lost


###!!! [Child][RunMessage] Error: Channel closing: too late to send/recv, messages will be lost


###!!! [Child][RunMessage] Error: Channel closing: too late to send/recv, messages will be lost


###!!! [Child][MessageChannel] Error: (msgtype=0x23002E,name=PBrowser::Msg___delete__) Channel closing: too late to send/recv, messages will be lost

1627340261715	Marionette	INFO	Stopped listening on port 55705
1627340358392	geckodriver	INFO	Listening on 127.0.0.1:54346
1627340361440	mozrunner::runner	INFO	Running command: "C:\\Program Files\\Mozilla Firefox\\firefox.exe" "--marionette" "-foreground" "-no-remote" "-profile" "C:\\Users\\Asus\\AppData\\Local\\Temp\\rust_mozprofileJXNztC"
1627340362009	Marionette	INFO	Marionette enabled
console.warn: SearchSettings: "get: No settings file exists, new profile?" (new NotFoundError("Could not open the file at C:\\Users\\Asus\\AppData\\Local\\Temp\\rust_mozprofileJXNztC\\search.json.mozlz4", (void 0)))
1627340365606	Marionette	INFO	Listening on port 54354
1627340365834	Marionette	WARN	TLS certificate errors will be ignored for this session
JavaScript warning: https://linkedin-api.arkoselabs.com/cdn/fc/js/8ef8104d1c774eb01cb9d74dc435ecda4bce86bc/standard/funcaptcha_api.js, line 2: unreachable code after return statement
JavaScript warning: https://linkedin-api.arkoselabs.com/cdn/fc/js/8ef8104d1c774eb01cb9d74dc435ecda4bce86bc/standard/funcaptcha_api.js, line 2: unreachable code after return statement
JavaScript error: https://iframe.arkoselabs.com/3117BF26-4762-4F5A-8ED9-A85E69209A46/index.html?mkt=fr, line 1: TypeError: document.getElementById(...) is null
JavaScript warning: https://static-exp1.licdn.com/sc/h/bm7ulu6wokwmsve5k9ytew4vz, line 5061: unreachable code after return statement
JavaScript warning: https://static-exp1.licdn.com/sc/h/5njhxfxl4jccwyv3opyyascfb, line 3746: unreachable code after return statement
JavaScript warning: https://static-exp1.licdn.com/sc/h/5njhxfxl4jccwyv3opyyascfb, line 3746: unreachable code after return statement

###!!! [Parent][MessageChannel] Error: (msgtype=0x390079,name=PContent::Msg_DestroyBrowsingContextGroup) Closed channel: cannot send/recv


###!!! [Child][MessageChannel] Error: (msgtype=0x590007,name=PHttpChannel::Msg_RemoveCorsPreflightCacheEntry) Channel closing: too late to send/recv, messages will be lost


###!!! [Child][MessageChannel] Error: (msgtype=0x590008,name=PHttpChannel::Msg_DeletingChannel) Channel closing: too late to send/recv, messages will be lost


###!!! [Child][MessageChannel] Error: (msgtype=0x590008,name=PHttpChannel::Msg_DeletingChannel) Channel closing: too late to send/recv, messages will be lost


###!!! [Child][MessageChannel] Error: (msgtype=0x590004,name=PHttpChannel::Msg_Cancel) Channel closing: too late to send/recv, messages will be lost


###!!! [Child][MessageChannel] Error: (msgtype=0x590008,name=PHttpChannel::Msg_DeletingChannel) Channel closing: too late to send/recv, messages will be lost


###!!! [Child][MessageChannel] Error: (msgtype=0x590004,name=PHttpChannel::Msg_Cancel) Channel closing: too late to send/recv, messages will be lost


###!!! [Child][MessageChannel] Error: (msgtype=0x590008,name=PHttpChannel::Msg_DeletingChannel) Channel closing: too late to send/recv, messages will be lost


###!!! [Child][MessageChannel] Error: (msgtype=0x590004,name=PHttpChannel::Msg_Cancel) Channel closing: too late to send/recv, messages will be lost


###!!! [Child][MessageChannel] Error: (msgtype=0x590008,name=PHttpChannel::Msg_DeletingChannel) Channel closing: too late to send/recv, messages will be lost


###!!! [Child][MessageChannel] Error: (msgtype=0x23002E,name=PBrowser::Msg___delete__) Channel closing: too late to send/recv, messages will be lost


###!!! [Child][RunMessage] Error: Channel closing: too late to send/recv, messages will be lost

1627340475878	Marionette	INFO	Stopped listening on port 54354
1627340485820	geckodriver	INFO	Listening on 127.0.0.1:54656
1627340488844	mozrunner::runner	INFO	Running command: "C:\\Program Files\\Mozilla Firefox\\firefox.exe" "--marionette" "-foreground" "-no-remote" "-profile" "C:\\Users\\Asus\\AppData\\Local\\Temp\\rust_mozprofileZwXwlv"
1627340489397	Marionette	INFO	Marionette enabled
console.warn: SearchSettings: "get: No settings file exists, new profile?" (new NotFoundError("Could not open the file at C:\\Users\\Asus\\AppData\\Local\\Temp\\rust_mozprofileZwXwlv\\search.json.mozlz4", (void 0)))
1627340492821	Marionette	INFO	Listening on port 54664
1627340493220	Marionette	WARN	TLS certificate errors will be ignored for this session
JavaScript warning: https://static-exp1.licdn.com/sc/h/5njhxfxl4jccwyv3opyyascfb, line 3746: unreachable code after return statement
JavaScript warning: https://static-exp1.licdn.com/sc/h/5njhxfxl4jccwyv3opyyascfb, line 3746: unreachable code after return statement
1627340582922	Marionette	INFO	Stopped listening on port 54664
1627340591145	geckodriver	INFO	Listening on 127.0.0.1:50230
1627340594185	mozrunner::runner	INFO	Running command: "C:\\Program Files\\Mozilla Firefox\\firefox.exe" "--marionette" "-foreground" "-no-remote" "-profile" "C:\\Users\\Asus\\AppData\\Local\\Temp\\rust_mozprofilesWAfs2"
1627340594742	Marionette	INFO	Marionette enabled
console.warn: SearchSettings: "get: No settings file exists, new profile?" (new NotFoundError("Could not open the file at C:\\Users\\Asus\\AppData\\Local\\Temp\\rust_mozprofilesWAfs2\\search.json.mozlz4", (void 0)))
1627340598097	Marionette	INFO	Listening on port 50238
1627340598582	Marionette	WARN	TLS certificate errors will be ignored for this session
JavaScript warning: https://static-exp1.licdn.com/sc/h/5njhxfxl4jccwyv3opyyascfb, line 3746: unreachable code after return statement
JavaScript warning: https://static-exp1.licdn.com/sc/h/5njhxfxl4jccwyv3opyyascfb, line 3746: unreachable code after return statement
1627340626318	Marionette	WARN	TimedPromise timed out after 500 ms: stacktrace:
TimedPromise/<@chrome://marionette/content/sync.js:237:19
TimedPromise@chrome://marionette/content/sync.js:222:10
interaction.flushEventLoop@chrome://marionette/content/interaction.js:431:10
webdriverClickElement@chrome://marionette/content/interaction.js:179:31

###!!! [Child][MessageChannel] Error: (msgtype=0x590007,name=PHttpChannel::Msg_RemoveCorsPreflightCacheEntry) Channel closing: too late to send/recv, messages will be lost


###!!! [Child][MessageChannel] Error: (msgtype=0x590008,name=PHttpChannel::Msg_DeletingChannel) Channel closing: too late to send/recv, messages will be lost


###!!! [Child][MessageChannel] Error: (msgtype=0x590007,name=PHttpChannel::Msg_RemoveCorsPreflightCacheEntry) Channel closing: too late to send/recv, messages will be lost


###!!! [Child][MessageChannel] Error: (msgtype=0x590008,name=PHttpChannel::Msg_DeletingChannel) Channel closing: too late to send/recv, messages will be lost


###!!! [Child][MessageChannel] Error: (msgtype=0x590007,name=PHttpChannel::Msg_RemoveCorsPreflightCacheEntry) Channel closing: too late to send/recv, messages will be lost


###!!! [Child][MessageChannel] Error: (msgtype=0x590008,name=PHttpChannel::Msg_DeletingChannel) Channel closing: too late to send/recv, messages will be lost


###!!! [Child][MessageChannel] Error: (msgtype=0x590008,name=PHttpChannel::Msg_DeletingChannel) Channel closing: too late to send/recv, messages will be lost


###!!! [Child][MessageChannel] Error: (msgtype=0x590004,name=PHttpChannel::Msg_Cancel) Channel closing: too late to send/recv, messages will be lost


###!!! [Child][MessageChannel] Error: (msgtype=0x590008,name=PHttpChannel::Msg_DeletingChannel) Channel closing: too late to send/recv, messages will be lost


###!!! [Child][MessageChannel] Error: (msgtype=0x590004,name=PHttpChannel::Msg_Cancel) Channel closing: too late to send/recv, messages will be lost


###!!! [Child][MessageChannel] Error: (msgtype=0x590008,name=PHttpChannel::Msg_DeletingChannel) Channel closing: too late to send/recv, messages will be lost

1627340650207	Marionette	INFO	Stopped listening on port 50238
1627342473757	geckodriver	INFO	Listening on 127.0.0.1:61307
1627343038082	geckodriver	INFO	Listening on 127.0.0.1:60825
1627343041106	mozrunner::runner	INFO	Running command: "C:\\Program Files\\Mozilla Firefox\\firefox.exe" "--marionette" "-foreground" "-no-remote" "-profile" "C:\\Users\\Asus\\AppData\\Local\\Temp\\rust_mozprofilezHBltD"
1627343041683	Marionette	INFO	Marionette enabled
console.warn: SearchSettings: "get: No settings file exists, new profile?" (new NotFoundError("Could not open the file at C:\\Users\\Asus\\AppData\\Local\\Temp\\rust_mozprofilezHBltD\\search.json.mozlz4", (void 0)))
1627343045179	Marionette	INFO	Listening on port 60833
1627343045516	Marionette	WARN	TLS certificate errors will be ignored for this session
1627343103628	Marionette	INFO	Stopped listening on port 60833
1627343110226	geckodriver	INFO	Listening on 127.0.0.1:60893
1627343113289	mozrunner::runner	INFO	Running command: "C:\\Program Files\\Mozilla Firefox\\firefox.exe" "--marionette" "-foreground" "-no-remote" "-profile" "C:\\Users\\Asus\\AppData\\Local\\Temp\\rust_mozprofileilttsK"
1627343113863	Marionette	INFO	Marionette enabled
console.warn: SearchSettings: "get: No settings file exists, new profile?" (new NotFoundError("Could not open the file at C:\\Users\\Asus\\AppData\\Local\\Temp\\rust_mozprofileilttsK\\search.json.mozlz4", (void 0)))
1627343117553	Marionette	INFO	Listening on port 60901
1627343117672	Marionette	WARN	TLS certificate errors will be ignored for this session
1627343184878	Marionette	INFO	Stopped listening on port 60901
1627343310672	geckodriver	INFO	Listening on 127.0.0.1:60977
1627343313696	mozrunner::runner	INFO	Running command: "C:\\Program Files\\Mozilla Firefox\\firefox.exe" "--marionette" "-foreground" "-no-remote" "-profile" "C:\\Users\\Asus\\AppData\\Local\\Temp\\rust_mozprofileDdluDM"
1627343314401	Marionette	INFO	Marionette enabled
console.warn: SearchSettings: "get: No settings file exists, new profile?" (new NotFoundError("Could not open the file at C:\\Users\\Asus\\AppData\\Local\\Temp\\rust_mozprofileDdluDM\\search.json.mozlz4", (void 0)))
1627343318402	Marionette	INFO	Listening on port 60986
1627343318737	Marionette	WARN	TLS certificate errors will be ignored for this session
1627343366916	Marionette	INFO	Stopped listening on port 60986
1627343384690	geckodriver	INFO	Listening on 127.0.0.1:61117
1627343387729	mozrunner::runner	INFO	Running command: "C:\\Program Files\\Mozilla Firefox\\firefox.exe" "--marionette" "-foreground" "-no-remote" "-profile" "C:\\Users\\Asus\\AppData\\Local\\Temp\\rust_mozprofilezrBSCA"
1627343388347	Marionette	INFO	Marionette enabled
console.warn: SearchSettings: "get: No settings file exists, new profile?" (new NotFoundError("Could not open the file at C:\\Users\\Asus\\AppData\\Local\\Temp\\rust_mozprofilezrBSCA\\search.json.mozlz4", (void 0)))
1627343391756	Marionette	INFO	Listening on port 61125
1627343392109	Marionette	WARN	TLS certificate errors will be ignored for this session
console.error: services.settings: 
  main/doh-providers Signature failed  InvalidSignatureError: Invalid content signature (main/doh-providers)
console.error: services.settings: 
  main/doh-providers local data was corrupted
console.warn: services.settings: main/doh-providers Signature verified failed. Retry from scratch
console.error: services.settings: 
  main/doh-config Signature failed  InvalidSignatureError: Invalid content signature (main/doh-config)
console.error: services.settings: 
  main/doh-config local data was corrupted
console.warn: services.settings: main/doh-config Signature verified failed. Retry from scratch
console.log: WebExtensions: reset-default-search: starting.
console.log: WebExtensions: reset-default-search: No addons in our list are installed.
JavaScript error: , line 0: AbortError: The fetching process for the media resource was aborted by the user agent at the user's request.
JavaScript error: , line 0: NotSupportedError: The media resource indicated by the src attribute or assigned media provider object was not suitable.
JavaScript error: , line 0: NotSupportedError: The media resource indicated by the src attribute or assigned media provider object was not suitable.
JavaScript warning: https://www.google.com/js/bg/lxvdkMc4CHztwwZis5_dKBfLgqQ6T7geenfIou4p3Oo.js line 1 > eval, line 5633: Script terminated by timeout at:
p.prototype.v<@https://www.google.com/js/bg/lxvdkMc4CHztwwZis5_dKBfLgqQ6T7geenfIou4p3Oo.js line 1 > eval:5633:12444
@https://www.google.com/js/bg/lxvdkMc4CHztwwZis5_dKBfLgqQ6T7geenfIou4p3Oo.js line 1 > eval:5633:12445
@https://www.google.com/js/bg/lxvdkMc4CHztwwZis5_dKBfLgqQ6T7geenfIou4p3Oo.js line 1 > eval:5633:14268
@https://www.google.com/js/bg/lxvdkMc4CHztwwZis5_dKBfLgqQ6T7geenfIou4p3Oo.js:1:268
@https://www.google.com/js/bg/lxvdkMc4CHztwwZis5_dKBfLgqQ6T7geenfIou4p3Oo.js:1:14729


###!!! [Parent][MessageChannel] Error: (msgtype=0x390079,name=PContent::Msg_DestroyBrowsingContextGroup) Closed channel: cannot send/recv

1627344235067	Marionette	INFO	Stopped listening on port 61125
